<?xml version="1.0" encoding="UTF-8"?>
<testsuite name="sample.web.ui.MessageControllerWebTests" tests="3" skipped="0" failures="0" errors="0" timestamp="2018-07-03T14:09:43" hostname="gimgwang-yeong-26312-DevOps-Labgaebalhyeogsin.local" time="0.614">
  <properties/>
  <testcase name="testHome" classname="sample.web.ui.MessageControllerWebTests" time="0.508"/>
  <testcase name="testCreateValidation" classname="sample.web.ui.MessageControllerWebTests" time="0.095"/>
  <testcase name="testCreate" classname="sample.web.ui.MessageControllerWebTests" time="0.01"/>
  <system-out><![CDATA[2018-07-03 23:09:38.850  INFO   --- [    Test worker] o.s.t.c.web.WebTestContextBootstrapper   : Loaded default TestExecutionListener class names from location [META-INF/spring.factories]: [org.springframework.boot.test.autoconfigure.restdocs.RestDocsTestExecutionListener, org.springframework.boot.test.autoconfigure.web.client.MockRestServiceServerResetTestExecutionListener, org.springframework.boot.test.autoconfigure.web.servlet.MockMvcPrintOnlyOnFailureTestExecutionListener, org.springframework.boot.test.autoconfigure.web.servlet.WebDriverTestExecutionListener, org.springframework.boot.test.mock.mockito.MockitoTestExecutionListener, org.springframework.boot.test.mock.mockito.ResetMocksTestExecutionListener, org.springframework.test.context.web.ServletTestExecutionListener, org.springframework.test.context.support.DirtiesContextBeforeModesTestExecutionListener, org.springframework.test.context.support.DependencyInjectionTestExecutionListener, org.springframework.test.context.support.DirtiesContextTestExecutionListener, org.springframework.test.context.transaction.TransactionalTestExecutionListener, org.springframework.test.context.jdbc.SqlScriptsTestExecutionListener]
2018-07-03 23:09:38.867  INFO   --- [    Test worker] o.s.t.c.web.WebTestContextBootstrapper   : Using TestExecutionListeners: [org.springframework.test.context.web.ServletTestExecutionListener@5a0833ce, org.springframework.test.context.support.DirtiesContextBeforeModesTestExecutionListener@40c0d73a, org.springframework.boot.test.mock.mockito.MockitoTestExecutionListener@6037e010, org.springframework.test.context.support.DependencyInjectionTestExecutionListener@215bd375, org.springframework.test.context.support.DirtiesContextTestExecutionListener@3a5602d3, org.springframework.boot.test.autoconfigure.restdocs.RestDocsTestExecutionListener@7ce96ba4, org.springframework.boot.test.autoconfigure.web.client.MockRestServiceServerResetTestExecutionListener@23013349, org.springframework.boot.test.autoconfigure.web.servlet.MockMvcPrintOnlyOnFailureTestExecutionListener@5c3e9c27, org.springframework.boot.test.autoconfigure.web.servlet.WebDriverTestExecutionListener@56744de9, org.springframework.boot.test.mock.mockito.ResetMocksTestExecutionListener@61f7b8c8]
2018-07-03 23:09:38.972  INFO   --- [    Test worker] o.s.w.c.s.GenericWebApplicationContext   : Refreshing org.springframework.web.context.support.GenericWebApplicationContext@6c5b6664: startup date [Tue Jul 03 23:09:38 KST 2018]; root of context hierarchy
2018-07-03 23:09:40.873  INFO   --- [    Test worker] o.s.w.s.handler.SimpleUrlHandlerMapping  : Mapped URL path [/**/favicon.ico] onto handler of type [class org.springframework.web.servlet.resource.ResourceHttpRequestHandler]
2018-07-03 23:09:41.680  INFO   --- [    Test worker] s.w.s.m.m.a.RequestMappingHandlerAdapter : Looking for @ControllerAdvice: org.springframework.web.context.support.GenericWebApplicationContext@6c5b6664: startup date [Tue Jul 03 23:09:38 KST 2018]; root of context hierarchy
2018-07-03 23:09:41.785  INFO   --- [    Test worker] s.w.s.m.m.a.RequestMappingHandlerMapping : Mapped "{[/delete/{id}],methods=[GET]}" onto public org.springframework.web.servlet.ModelAndView sample.web.ui.mvc.MessageController.delete(java.lang.Long)
2018-07-03 23:09:41.786  INFO   --- [    Test worker] s.w.s.m.m.a.RequestMappingHandlerMapping : Mapped "{[/],methods=[POST]}" onto public org.springframework.web.servlet.ModelAndView sample.web.ui.mvc.MessageController.create(sample.web.ui.Message,org.springframework.validation.BindingResult,org.springframework.web.servlet.mvc.support.RedirectAttributes)
2018-07-03 23:09:41.787  INFO   --- [    Test worker] s.w.s.m.m.a.RequestMappingHandlerMapping : Mapped "{[/],methods=[GET]}" onto public org.springframework.web.servlet.ModelAndView sample.web.ui.mvc.MessageController.list()
2018-07-03 23:09:41.787  INFO   --- [    Test worker] s.w.s.m.m.a.RequestMappingHandlerMapping : Mapped "{[/],methods=[GET],params=[form]}" onto public java.lang.String sample.web.ui.mvc.MessageController.createForm(sample.web.ui.Message)
2018-07-03 23:09:41.788  INFO   --- [    Test worker] s.w.s.m.m.a.RequestMappingHandlerMapping : Mapped "{[/foo]}" onto public java.lang.String sample.web.ui.mvc.MessageController.foo()
2018-07-03 23:09:41.788  INFO   --- [    Test worker] s.w.s.m.m.a.RequestMappingHandlerMapping : Mapped "{[/modify/{id}],methods=[GET]}" onto public org.springframework.web.servlet.ModelAndView sample.web.ui.mvc.MessageController.modifyForm(sample.web.ui.Message)
2018-07-03 23:09:41.789  INFO   --- [    Test worker] s.w.s.m.m.a.RequestMappingHandlerMapping : Mapped "{[/{id}],methods=[GET]}" onto public org.springframework.web.servlet.ModelAndView sample.web.ui.mvc.MessageController.view(sample.web.ui.Message)
2018-07-03 23:09:41.789  INFO   --- [    Test worker] s.w.s.m.m.a.RequestMappingHandlerMapping : Mapped "{[/health],methods=[GET]}" onto public org.springframework.boot.actuate.health.Health sample.web.ui.rest.ActuatorController.health() throws java.lang.Exception
2018-07-03 23:09:41.792  INFO   --- [    Test worker] s.w.s.m.m.a.RequestMappingHandlerMapping : Mapped "{[/error]}" onto public org.springframework.http.ResponseEntity<java.util.Map<java.lang.String, java.lang.Object>> org.springframework.boot.autoconfigure.web.servlet.error.BasicErrorController.error(javax.servlet.http.HttpServletRequest)
2018-07-03 23:09:41.793  INFO   --- [    Test worker] s.w.s.m.m.a.RequestMappingHandlerMapping : Mapped "{[/error],produces=[text/html]}" onto public org.springframework.web.servlet.ModelAndView org.springframework.boot.autoconfigure.web.servlet.error.BasicErrorController.errorHtml(javax.servlet.http.HttpServletRequest,javax.servlet.http.HttpServletResponse)
2018-07-03 23:09:41.835  INFO   --- [    Test worker] o.s.w.s.handler.SimpleUrlHandlerMapping  : Mapped URL path [/webjars/**] onto handler of type [class org.springframework.web.servlet.resource.ResourceHttpRequestHandler]
2018-07-03 23:09:41.836  INFO   --- [    Test worker] o.s.w.s.handler.SimpleUrlHandlerMapping  : Mapped URL path [/**] onto handler of type [class org.springframework.web.servlet.resource.ResourceHttpRequestHandler]
2018-07-03 23:09:43.207  INFO   --- [    Test worker] o.s.b.a.e.web.EndpointLinksResolver      : Exposing 2 endpoint(s) beneath base path '/actuator'
2018-07-03 23:09:43.213  INFO   --- [    Test worker] s.b.a.e.w.s.WebMvcEndpointHandlerMapping : Mapped "{[/actuator/health],methods=[GET],produces=[application/vnd.spring-boot.actuator.v2+json || application/json]}" onto public java.lang.Object org.springframework.boot.actuate.endpoint.web.servlet.AbstractWebMvcEndpointHandlerMapping$OperationHandler.handle(javax.servlet.http.HttpServletRequest,java.util.Map<java.lang.String, java.lang.String>)
2018-07-03 23:09:43.214  INFO   --- [    Test worker] s.b.a.e.w.s.WebMvcEndpointHandlerMapping : Mapped "{[/actuator/info],methods=[GET],produces=[application/vnd.spring-boot.actuator.v2+json || application/json]}" onto public java.lang.Object org.springframework.boot.actuate.endpoint.web.servlet.AbstractWebMvcEndpointHandlerMapping$OperationHandler.handle(javax.servlet.http.HttpServletRequest,java.util.Map<java.lang.String, java.lang.String>)
2018-07-03 23:09:43.216  INFO   --- [    Test worker] s.b.a.e.w.s.WebMvcEndpointHandlerMapping : Mapped "{[/actuator],methods=[GET],produces=[application/vnd.spring-boot.actuator.v2+json || application/json]}" onto protected java.util.Map<java.lang.String, java.util.Map<java.lang.String, org.springframework.boot.actuate.endpoint.web.Link>> org.springframework.boot.actuate.endpoint.web.servlet.WebMvcEndpointHandlerMapping.links(javax.servlet.http.HttpServletRequest,javax.servlet.http.HttpServletResponse)
2018-07-03 23:09:43.251  INFO   --- [    Test worker] o.s.j.e.a.AnnotationMBeanExporter        : Registering beans for JMX exposure on startup
2018-07-03 23:09:43.375  INFO   --- [    Test worker] o.s.mock.web.MockServletContext          : Initializing Spring FrameworkServlet ''
2018-07-03 23:09:43.378  INFO   --- [    Test worker] o.s.t.web.servlet.TestDispatcherServlet  : FrameworkServlet '': initialization started
2018-07-03 23:09:43.398  INFO   --- [    Test worker] o.s.t.web.servlet.TestDispatcherServlet  : FrameworkServlet '': initialization completed in 18 ms
2018-07-03 23:09:43.787  INFO   --- [    Test worker] o.s.mock.web.MockServletContext          : Initializing Spring FrameworkServlet ''
2018-07-03 23:09:43.787  INFO   --- [    Test worker] o.s.t.web.servlet.TestDispatcherServlet  : FrameworkServlet '': initialization started
2018-07-03 23:09:43.789  INFO   --- [    Test worker] o.s.t.web.servlet.TestDispatcherServlet  : FrameworkServlet '': initialization completed in 2 ms
2018-07-03 23:09:43.882  INFO   --- [    Test worker] o.s.mock.web.MockServletContext          : Initializing Spring FrameworkServlet ''
2018-07-03 23:09:43.882  INFO   --- [    Test worker] o.s.t.web.servlet.TestDispatcherServlet  : FrameworkServlet '': initialization started
2018-07-03 23:09:43.884  INFO   --- [    Test worker] o.s.t.web.servlet.TestDispatcherServlet  : FrameworkServlet '': initialization completed in 2 ms
]]></system-out>
  <system-err><![CDATA[]]></system-err>
</testsuite>
